Build started 9/13/2016 10:05:09 AM.
     1>Project "E:\00_University\Year 3\Gaming Programming\GP - Assignment01 - Individual\GP2DFramework\Framework\Framework.vcxproj" on node 2 (Rebuild target(s)).
     1>ClCompile:
         E:\Program Files (Secondary)\ProgrammingUni\VC\bin\CL.exe /c /I"E:\00_University\Year 3\Gaming Programming\GP - Assignment01 - Individual\GP2DFramework\\FMOD\inc\\" /I"E:\00_University\Year 3\Gaming Programming\GP - Assignment01 - Individual\GP2DFramework\\libs\Box2D" /I"E:\00_University\Year 3\Gaming Programming\GP - Assignment01 - Individual\GP2DFramework\\SDL\SDL2-2.0.3-win32-x86" /I"E:\00_University\Year 3\Gaming Programming\GP - Assignment01 - Individual\GP2DFramework\\SDL\SDL2-2.0.3\include\\" /I"E:\00_University\Year 3\Gaming Programming\GP - Assignment01 - Individual\GP2DFramework\\SDL\SDL2_image-2.0.0\include" /I"E:\00_University\Year 3\Gaming Programming\GP - Assignment01 - Individual\GP2DFramework\\SDL\SDL2_ttf-2.0.14\include" /ZI /nologo /W3 /WX- /Od /Oy- /D WIN32 /D _DEBUG /D _WINDOWS /D _UNICODE /D UNICODE /Gm /EHsc /RTC1 /MDd /GS /fp:precise /Zc:wchar_t /Zc:forScope /Fo"Debug\\" /Fd"Debug\vc120.pdb" /Gd /TP /analyze- /errorReport:prompt animatedsprite.cpp audiomanager.cpp backbuffer.cpp entity.cpp game.cpp inputhandler.cpp levelmanager.cpp logmanager.cpp main.cpp player.cpp powerorb.cpp sprite.cpp texture.cpp texturemanager.cpp tile.cpp
         tile.cpp
     1>e:\00_university\year 3\gaming programming\gp - assignment01 - individual\gp2dframework\framework\tile.cpp(60): warning C4244: 'argument' : conversion from 'double' to 'float32', possible loss of data
     1>e:\00_university\year 3\gaming programming\gp - assignment01 - individual\gp2dframework\framework\tile.cpp(68): warning C4244: 'argument' : conversion from 'double' to 'float32', possible loss of data
     1>e:\00_university\year 3\gaming programming\gp - assignment01 - individual\gp2dframework\framework\tile.cpp(82): warning C4244: 'argument' : conversion from 'float' to 'int', possible loss of data
     1>e:\00_university\year 3\gaming programming\gp - assignment01 - individual\gp2dframework\framework\tile.cpp(83): warning C4244: 'argument' : conversion from 'float' to 'int', possible loss of data
     1>e:\00_university\year 3\gaming programming\gp - assignment01 - individual\gp2dframework\framework\tile.cpp(88): warning C4244: 'argument' : conversion from 'float' to 'int', possible loss of data
     1>e:\00_university\year 3\gaming programming\gp - assignment01 - individual\gp2dframework\framework\tile.cpp(89): warning C4244: 'argument' : conversion from 'float' to 'int', possible loss of data
         texturemanager.cpp
         texture.cpp
         sprite.cpp
         powerorb.cpp
     1>e:\00_university\year 3\gaming programming\gp - assignment01 - individual\gp2dframework\framework\powerorb.cpp(13): warning C4244: 'argument' : conversion from 'time_t' to 'unsigned int', possible loss of data
     1>e:\00_university\year 3\gaming programming\gp - assignment01 - individual\gp2dframework\framework\powerorb.cpp(22): warning C4244: 'argument' : conversion from 'time_t' to 'unsigned int', possible loss of data
     1>e:\00_university\year 3\gaming programming\gp - assignment01 - individual\gp2dframework\framework\powerorb.cpp(40): warning C4244: '=' : conversion from 'int' to 'float', possible loss of data
     1>e:\00_university\year 3\gaming programming\gp - assignment01 - individual\gp2dframework\framework\powerorb.cpp(44): warning C4244: '=' : conversion from 'int' to 'float', possible loss of data
     1>e:\00_university\year 3\gaming programming\gp - assignment01 - individual\gp2dframework\framework\powerorb.cpp(48): warning C4244: '=' : conversion from 'int' to 'float', possible loss of data
     1>e:\00_university\year 3\gaming programming\gp - assignment01 - individual\gp2dframework\framework\powerorb.cpp(53): warning C4244: '=' : conversion from 'int' to 'float', possible loss of data
     1>e:\00_university\year 3\gaming programming\gp - assignment01 - individual\gp2dframework\framework\powerorb.cpp(57): warning C4244: '=' : conversion from 'int' to 'float', possible loss of data
     1>e:\00_university\year 3\gaming programming\gp - assignment01 - individual\gp2dframework\framework\powerorb.cpp(61): warning C4244: '=' : conversion from 'int' to 'float', possible loss of data
         player.cpp
         main.cpp
         logmanager.cpp
         levelmanager.cpp
     1>e:\00_university\year 3\gaming programming\gp - assignment01 - individual\gp2dframework\framework\levelmanager.cpp(22): warning C4018: '<' : signed/unsigned mismatch
         inputhandler.cpp
         game.cpp
     1>e:\00_university\year 3\gaming programming\gp - assignment01 - individual\gp2dframework\framework\game.cpp(99): warning C4244: 'argument' : conversion from 'time_t' to 'unsigned int', possible loss of data
     1>e:\00_university\year 3\gaming programming\gp - assignment01 - individual\gp2dframework\framework\game.cpp(102): warning C4244: 'argument' : conversion from 'const float' to 'int', possible loss of data
     1>e:\00_university\year 3\gaming programming\gp - assignment01 - individual\gp2dframework\framework\game.cpp(281): warning C4018: '<' : signed/unsigned mismatch
     1>e:\00_university\year 3\gaming programming\gp - assignment01 - individual\gp2dframework\framework\game.cpp(314): warning C4018: '<' : signed/unsigned mismatch
     1>e:\00_university\year 3\gaming programming\gp - assignment01 - individual\gp2dframework\framework\game.cpp(334): warning C4244: 'argument' : conversion from 'const float' to 'int', possible loss of data
     1>e:\00_university\year 3\gaming programming\gp - assignment01 - individual\gp2dframework\framework\game.cpp(335): warning C4244: 'argument' : conversion from 'const float' to 'int', possible loss of data
     1>e:\00_university\year 3\gaming programming\gp - assignment01 - individual\gp2dframework\framework\game.cpp(336): warning C4244: 'argument' : conversion from 'const float' to 'int', possible loss of data
     1>e:\00_university\year 3\gaming programming\gp - assignment01 - individual\gp2dframework\framework\game.cpp(337): warning C4244: 'argument' : conversion from 'const float' to 'int', possible loss of data
         entity.cpp
     1>e:\00_university\year 3\gaming programming\gp - assignment01 - individual\gp2dframework\framework\entity.cpp(71): warning C4244: 'argument' : conversion from 'double' to 'float32', possible loss of data
     1>e:\00_university\year 3\gaming programming\gp - assignment01 - individual\gp2dframework\framework\entity.cpp(80): warning C4244: '=' : conversion from 'double' to 'float32', possible loss of data
     1>e:\00_university\year 3\gaming programming\gp - assignment01 - individual\gp2dframework\framework\entity.cpp(98): warning C4244: 'argument' : conversion from 'float' to 'int', possible loss of data
     1>e:\00_university\year 3\gaming programming\gp - assignment01 - individual\gp2dframework\framework\entity.cpp(99): warning C4244: 'argument' : conversion from 'float' to 'int', possible loss of data
     1>e:\00_university\year 3\gaming programming\gp - assignment01 - individual\gp2dframework\framework\entity.cpp(106): warning C4244: 'argument' : conversion from 'float' to 'int', possible loss of data
     1>e:\00_university\year 3\gaming programming\gp - assignment01 - individual\gp2dframework\framework\entity.cpp(107): warning C4244: 'argument' : conversion from 'float' to 'int', possible loss of data
         backbuffer.cpp
         audiomanager.cpp
         animatedsprite.cpp
     1>e:\00_university\year 3\gaming programming\gp - assignment01 - individual\gp2dframework\framework\animatedsprite.cpp(18): warning C4305: 'initializing' : truncation from 'double' to 'float'
         Generating Code...
       Link:
         E:\Program Files (Secondary)\ProgrammingUni\VC\bin\link.exe /ERRORREPORT:PROMPT /OUT:"E:\00_University\Year 3\Gaming Programming\GP - Assignment01 - Individual\GP2DFramework\Debug\Framework.exe" /INCREMENTAL /NOLOGO /LIBPATH:"E:\00_University\Year 3\Gaming Programming\GP - Assignment01 - Individual\GP2DFramework\\FMOD\lib\\" /LIBPATH:"E:\00_University\Year 3\Gaming Programming\GP - Assignment01 - Individual\GP2DFramework\\libs\Box2D" /LIBPATH:"E:\00_University\Year 3\Gaming Programming\GP - Assignment01 - Individual\GP2DFramework\\SDL\SDL2-2.0.3\lib\x86" /LIBPATH:"E:\00_University\Year 3\Gaming Programming\GP - Assignment01 - Individual\GP2DFramework\\SDL\SDL2_ttf-2.0.14\lib\x86" /LIBPATH:"E:\00_University\Year 3\Gaming Programming\GP - Assignment01 - Individual\GP2DFramework\\SDL\SDL2_image-2.0.0\lib\x86" SDL2.lib SDL2main.lib SDL2_image.lib SDL2_ttf.lib Box2D.lib fmod_vc.lib kernel32.lib user32.lib gdi32.lib winspool.lib comdlg32.lib advapi32.lib shell32.lib ole32.lib oleaut32.lib uuid.lib odbc32.lib odbccp32.lib /MANIFEST /MANIFESTUAC:"level='asInvoker' uiAccess='false'" /manifest:embed /DEBUG /PDB:"E:\00_University\Year 3\Gaming Programming\GP - Assignment01 - Individual\GP2DFramework\Debug\Framework.pdb" /SUBSYSTEM:WINDOWS /TLBID:1 /DYNAMICBASE /NXCOMPAT /IMPLIB:"E:\00_University\Year 3\Gaming Programming\GP - Assignment01 - Individual\GP2DFramework\Debug\Framework.lib" /MACHINE:X86 Debug\animatedsprite.obj
         Debug\audiomanager.obj
         Debug\backbuffer.obj
         Debug\entity.obj
         Debug\game.obj
         Debug\inputhandler.obj
         Debug\levelmanager.obj
         Debug\logmanager.obj
         Debug\main.obj
         Debug\player.obj
         Debug\powerorb.obj
         Debug\sprite.obj
         Debug\texture.obj
         Debug\texturemanager.obj
         Debug\tile.obj
     1>MSVCRTD.lib(cinitexe.obj) : warning LNK4098: defaultlib 'msvcrt.lib' conflicts with use of other libs; use /NODEFAULTLIB:library
         Framework.vcxproj -> E:\00_University\Year 3\Gaming Programming\GP - Assignment01 - Individual\GP2DFramework\Debug\Framework.exe
     1>Done Building Project "E:\00_University\Year 3\Gaming Programming\GP - Assignment01 - Individual\GP2DFramework\Framework\Framework.vcxproj" (Rebuild target(s)).

Build succeeded.

Time Elapsed 00:00:04.87
