e:\00_university\year 3\gaming programming\gp - assignment01 - individual\gp2dframework\framework\debug\vc120.pdb
e:\00_university\year 3\gaming programming\gp - assignment01 - individual\gp2dframework\framework\debug\vc120.idb
e:\00_university\year 3\gaming programming\gp - assignment01 - individual\gp2dframework\framework\debug\animatedsprite.obj
e:\00_university\year 3\gaming programming\gp - assignment01 - individual\gp2dframework\framework\debug\audiomanager.obj
e:\00_university\year 3\gaming programming\gp - assignment01 - individual\gp2dframework\framework\debug\backbuffer.obj
e:\00_university\year 3\gaming programming\gp - assignment01 - individual\gp2dframework\framework\debug\entity.obj
e:\00_university\year 3\gaming programming\gp - assignment01 - individual\gp2dframework\framework\debug\game.obj
e:\00_university\year 3\gaming programming\gp - assignment01 - individual\gp2dframework\framework\debug\inputhandler.obj
e:\00_university\year 3\gaming programming\gp - assignment01 - individual\gp2dframework\framework\debug\levelmanager.obj
e:\00_university\year 3\gaming programming\gp - assignment01 - individual\gp2dframework\framework\debug\logmanager.obj
e:\00_university\year 3\gaming programming\gp - assignment01 - individual\gp2dframework\framework\debug\main.obj
e:\00_university\year 3\gaming programming\gp - assignment01 - individual\gp2dframework\framework\debug\player.obj
e:\00_university\year 3\gaming programming\gp - assignment01 - individual\gp2dframework\framework\debug\powerorb.obj
e:\00_university\year 3\gaming programming\gp - assignment01 - individual\gp2dframework\framework\debug\sprite.obj
e:\00_university\year 3\gaming programming\gp - assignment01 - individual\gp2dframework\framework\debug\texture.obj
e:\00_university\year 3\gaming programming\gp - assignment01 - individual\gp2dframework\framework\debug\texturemanager.obj
e:\00_university\year 3\gaming programming\gp - assignment01 - individual\gp2dframework\framework\debug\tile.obj
e:\00_university\year 3\gaming programming\gp - assignment01 - individual\gp2dframework\debug\framework.ilk
e:\00_university\year 3\gaming programming\gp - assignment01 - individual\gp2dframework\debug\framework.exe
e:\00_university\year 3\gaming programming\gp - assignment01 - individual\gp2dframework\debug\framework.pdb
e:\00_university\year 3\gaming programming\gp - assignment01 - individual\gp2dframework\framework\debug\framework.tlog\cl.command.1.tlog
e:\00_university\year 3\gaming programming\gp - assignment01 - individual\gp2dframework\framework\debug\framework.tlog\cl.read.1.tlog
e:\00_university\year 3\gaming programming\gp - assignment01 - individual\gp2dframework\framework\debug\framework.tlog\cl.write.1.tlog
e:\00_university\year 3\gaming programming\gp - assignment01 - individual\gp2dframework\framework\debug\framework.tlog\link.command.1.tlog
e:\00_university\year 3\gaming programming\gp - assignment01 - individual\gp2dframework\framework\debug\framework.tlog\link.read.1.tlog
e:\00_university\year 3\gaming programming\gp - assignment01 - individual\gp2dframework\framework\debug\framework.tlog\link.write.1.tlog
